ARM GAS  /tmp/ccvbSqWV.s 			page 1


   1              		.cpu cortex-m4
   2              		.eabi_attribute 27, 1
   3              		.eabi_attribute 28, 1
   4              		.eabi_attribute 20, 1
   5              		.eabi_attribute 21, 1
   6              		.eabi_attribute 23, 3
   7              		.eabi_attribute 24, 1
   8              		.eabi_attribute 25, 1
   9              		.eabi_attribute 26, 1
  10              		.eabi_attribute 30, 1
  11              		.eabi_attribute 34, 1
  12              		.eabi_attribute 18, 4
  13              		.file	"gpio.c"
  14              		.text
  15              	.Ltext0:
  16              		.cfi_sections	.debug_frame
  17              		.section	.text.MX_GPIO_Init,"ax",%progbits
  18              		.align	1
  19              		.global	MX_GPIO_Init
  20              		.arch armv7e-m
  21              		.syntax unified
  22              		.thumb
  23              		.thumb_func
  24              		.fpu fpv4-sp-d16
  26              	MX_GPIO_Init:
  27              	.LFB126:
  28              		.file 1 "Src/gpio.c"
   1:Src/gpio.c    **** /**
   2:Src/gpio.c    ****   ******************************************************************************
   3:Src/gpio.c    ****   * File Name          : gpio.c
   4:Src/gpio.c    ****   * Description        : This file provides code for the configuration
   5:Src/gpio.c    ****   *                      of all used GPIO pins.
   6:Src/gpio.c    ****   ******************************************************************************
   7:Src/gpio.c    ****   ** This notice applies to any and all portions of this file
   8:Src/gpio.c    ****   * that are not between comment pairs USER CODE BEGIN and
   9:Src/gpio.c    ****   * USER CODE END. Other portions of this file, whether 
  10:Src/gpio.c    ****   * inserted by the user or by software development tools
  11:Src/gpio.c    ****   * are owned by their respective copyright owners.
  12:Src/gpio.c    ****   *
  13:Src/gpio.c    ****   * COPYRIGHT(c) 2019 STMicroelectronics
  14:Src/gpio.c    ****   *
  15:Src/gpio.c    ****   * Redistribution and use in source and binary forms, with or without modification,
  16:Src/gpio.c    ****   * are permitted provided that the following conditions are met:
  17:Src/gpio.c    ****   *   1. Redistributions of source code must retain the above copyright notice,
  18:Src/gpio.c    ****   *      this list of conditions and the following disclaimer.
  19:Src/gpio.c    ****   *   2. Redistributions in binary form must reproduce the above copyright notice,
  20:Src/gpio.c    ****   *      this list of conditions and the following disclaimer in the documentation
  21:Src/gpio.c    ****   *      and/or other materials provided with the distribution.
  22:Src/gpio.c    ****   *   3. Neither the name of STMicroelectronics nor the names of its contributors
  23:Src/gpio.c    ****   *      may be used to endorse or promote products derived from this software
  24:Src/gpio.c    ****   *      without specific prior written permission.
  25:Src/gpio.c    ****   *
  26:Src/gpio.c    ****   * THIS SOFTWARE IS PROVIDED BY THE COPYRIGHT HOLDERS AND CONTRIBUTORS "AS IS"
  27:Src/gpio.c    ****   * AND ANY EXPRESS OR IMPLIED WARRANTIES, INCLUDING, BUT NOT LIMITED TO, THE
  28:Src/gpio.c    ****   * IMPLIED WARRANTIES OF MERCHANTABILITY AND FITNESS FOR A PARTICULAR PURPOSE ARE
  29:Src/gpio.c    ****   * DISCLAIMED. IN NO EVENT SHALL THE COPYRIGHT HOLDER OR CONTRIBUTORS BE LIABLE
  30:Src/gpio.c    ****   * FOR ANY DIRECT, INDIRECT, INCIDENTAL, SPECIAL, EXEMPLARY, OR CONSEQUENTIAL
ARM GAS  /tmp/ccvbSqWV.s 			page 2


  31:Src/gpio.c    ****   * DAMAGES (INCLUDING, BUT NOT LIMITED TO, PROCUREMENT OF SUBSTITUTE GOODS OR
  32:Src/gpio.c    ****   * SERVICES; LOSS OF USE, DATA, OR PROFITS; OR BUSINESS INTERRUPTION) HOWEVER
  33:Src/gpio.c    ****   * CAUSED AND ON ANY THEORY OF LIABILITY, WHETHER IN CONTRACT, STRICT LIABILITY,
  34:Src/gpio.c    ****   * OR TORT (INCLUDING NEGLIGENCE OR OTHERWISE) ARISING IN ANY WAY OUT OF THE USE
  35:Src/gpio.c    ****   * OF THIS SOFTWARE, EVEN IF ADVISED OF THE POSSIBILITY OF SUCH DAMAGE.
  36:Src/gpio.c    ****   *
  37:Src/gpio.c    ****   ******************************************************************************
  38:Src/gpio.c    ****   */
  39:Src/gpio.c    **** 
  40:Src/gpio.c    **** /* Includes ------------------------------------------------------------------*/
  41:Src/gpio.c    **** #include "gpio.h"
  42:Src/gpio.c    **** /* USER CODE BEGIN 0 */
  43:Src/gpio.c    **** 
  44:Src/gpio.c    **** /* USER CODE END 0 */
  45:Src/gpio.c    **** 
  46:Src/gpio.c    **** /*----------------------------------------------------------------------------*/
  47:Src/gpio.c    **** /* Configure GPIO                                                             */
  48:Src/gpio.c    **** /*----------------------------------------------------------------------------*/
  49:Src/gpio.c    **** /* USER CODE BEGIN 1 */
  50:Src/gpio.c    **** 
  51:Src/gpio.c    **** /* USER CODE END 1 */
  52:Src/gpio.c    **** 
  53:Src/gpio.c    **** /** Configure pins as 
  54:Src/gpio.c    ****         * Analog 
  55:Src/gpio.c    ****         * Input 
  56:Src/gpio.c    ****         * Output
  57:Src/gpio.c    ****         * EVENT_OUT
  58:Src/gpio.c    ****         * EXTI
  59:Src/gpio.c    **** */
  60:Src/gpio.c    **** void MX_GPIO_Init(void)
  61:Src/gpio.c    **** {
  29              		.loc 1 61 1 view -0
  30              		.cfi_startproc
  31              		@ args = 0, pretend = 0, frame = 8
  32              		@ frame_needed = 0, uses_anonymous_args = 0
  33              		@ link register save eliminated.
  34 0000 82B0     		sub	sp, sp, #8
  35              	.LCFI0:
  36              		.cfi_def_cfa_offset 8
  62:Src/gpio.c    **** 
  63:Src/gpio.c    ****   /* GPIO Ports Clock Enable */
  64:Src/gpio.c    ****   __HAL_RCC_GPIOA_CLK_ENABLE();
  37              		.loc 1 64 3 view .LVU1
  38              	.LBB2:
  39              		.loc 1 64 3 view .LVU2
  40 0002 0021     		movs	r1, #0
  41 0004 0091     		str	r1, [sp]
  42              		.loc 1 64 3 view .LVU3
  43 0006 0B4B     		ldr	r3, .L3
  44 0008 1A6B     		ldr	r2, [r3, #48]
  45 000a 42F00102 		orr	r2, r2, #1
  46 000e 1A63     		str	r2, [r3, #48]
  47              		.loc 1 64 3 view .LVU4
  48 0010 1A6B     		ldr	r2, [r3, #48]
  49 0012 02F00102 		and	r2, r2, #1
  50 0016 0092     		str	r2, [sp]
  51              		.loc 1 64 3 view .LVU5
ARM GAS  /tmp/ccvbSqWV.s 			page 3


  52 0018 009A     		ldr	r2, [sp]
  53              	.LBE2:
  65:Src/gpio.c    ****   __HAL_RCC_GPIOB_CLK_ENABLE();
  54              		.loc 1 65 3 view .LVU6
  55              	.LBB3:
  56              		.loc 1 65 3 view .LVU7
  57 001a 0191     		str	r1, [sp, #4]
  58              		.loc 1 65 3 view .LVU8
  59 001c 1A6B     		ldr	r2, [r3, #48]
  60 001e 42F00202 		orr	r2, r2, #2
  61 0022 1A63     		str	r2, [r3, #48]
  62              		.loc 1 65 3 view .LVU9
  63 0024 1B6B     		ldr	r3, [r3, #48]
  64 0026 03F00203 		and	r3, r3, #2
  65 002a 0193     		str	r3, [sp, #4]
  66              		.loc 1 65 3 view .LVU10
  67 002c 019B     		ldr	r3, [sp, #4]
  68              	.LBE3:
  66:Src/gpio.c    **** 
  67:Src/gpio.c    **** }
  69              		.loc 1 67 1 is_stmt 0 view .LVU11
  70 002e 02B0     		add	sp, sp, #8
  71              	.LCFI1:
  72              		.cfi_def_cfa_offset 0
  73              		@ sp needed
  74 0030 7047     		bx	lr
  75              	.L4:
  76 0032 00BF     		.align	2
  77              	.L3:
  78 0034 00380240 		.word	1073887232
  79              		.cfi_endproc
  80              	.LFE126:
  82              		.text
  83              	.Letext0:
  84              		.file 2 "/usr/arm-none-eabi/include/machine/_default_types.h"
  85              		.file 3 "/usr/arm-none-eabi/include/sys/_stdint.h"
  86              		.file 4 "Drivers/CMSIS/Include/core_cm4.h"
  87              		.file 5 "Drivers/CMSIS/Device/ST/STM32F4xx/Include/system_stm32f4xx.h"
  88              		.file 6 "Drivers/CMSIS/Device/ST/STM32F4xx/Include/stm32f401xe.h"
  89              		.file 7 "/usr/arm-none-eabi/include/sys/lock.h"
  90              		.file 8 "/usr/arm-none-eabi/include/sys/_types.h"
  91              		.file 9 "/usr/lib/gcc/arm-none-eabi/9.1.0/include/stddef.h"
  92              		.file 10 "/usr/arm-none-eabi/include/sys/reent.h"
ARM GAS  /tmp/ccvbSqWV.s 			page 4


DEFINED SYMBOLS
                            *ABS*:0000000000000000 gpio.c
     /tmp/ccvbSqWV.s:18     .text.MX_GPIO_Init:0000000000000000 $t
     /tmp/ccvbSqWV.s:26     .text.MX_GPIO_Init:0000000000000000 MX_GPIO_Init
     /tmp/ccvbSqWV.s:78     .text.MX_GPIO_Init:0000000000000034 $d

NO UNDEFINED SYMBOLS
