ARM GAS  /tmp/cc5H22xg.s 			page 1


   1              		.cpu cortex-m4
   2              		.eabi_attribute 27, 1
   3              		.eabi_attribute 28, 1
   4              		.eabi_attribute 20, 1
   5              		.eabi_attribute 21, 1
   6              		.eabi_attribute 23, 3
   7              		.eabi_attribute 24, 1
   8              		.eabi_attribute 25, 1
   9              		.eabi_attribute 26, 1
  10              		.eabi_attribute 30, 1
  11              		.eabi_attribute 34, 1
  12              		.eabi_attribute 18, 4
  13              		.file	"gpio.c"
  14              		.text
  15              	.Ltext0:
  16              		.cfi_sections	.debug_frame
  17              		.section	.text.MX_GPIO_Init,"ax",%progbits
  18              		.align	1
  19              		.global	MX_GPIO_Init
  20              		.arch armv7e-m
  21              		.syntax unified
  22              		.thumb
  23              		.thumb_func
  24              		.fpu fpv4-sp-d16
  26              	MX_GPIO_Init:
  27              	.LFB126:
  28              		.file 1 "Src/gpio.c"
   1:Src/gpio.c    **** /**
   2:Src/gpio.c    ****   ******************************************************************************
   3:Src/gpio.c    ****   * File Name          : gpio.c
   4:Src/gpio.c    ****   * Description        : This file provides code for the configuration
   5:Src/gpio.c    ****   *                      of all used GPIO pins.
   6:Src/gpio.c    ****   ******************************************************************************
   7:Src/gpio.c    ****   ** This notice applies to any and all portions of this file
   8:Src/gpio.c    ****   * that are not between comment pairs USER CODE BEGIN and
   9:Src/gpio.c    ****   * USER CODE END. Other portions of this file, whether 
  10:Src/gpio.c    ****   * inserted by the user or by software development tools
  11:Src/gpio.c    ****   * are owned by their respective copyright owners.
  12:Src/gpio.c    ****   *
  13:Src/gpio.c    ****   * COPYRIGHT(c) 2019 STMicroelectronics
  14:Src/gpio.c    ****   *
  15:Src/gpio.c    ****   * Redistribution and use in source and binary forms, with or without modification,
  16:Src/gpio.c    ****   * are permitted provided that the following conditions are met:
  17:Src/gpio.c    ****   *   1. Redistributions of source code must retain the above copyright notice,
  18:Src/gpio.c    ****   *      this list of conditions and the following disclaimer.
  19:Src/gpio.c    ****   *   2. Redistributions in binary form must reproduce the above copyright notice,
  20:Src/gpio.c    ****   *      this list of conditions and the following disclaimer in the documentation
  21:Src/gpio.c    ****   *      and/or other materials provided with the distribution.
  22:Src/gpio.c    ****   *   3. Neither the name of STMicroelectronics nor the names of its contributors
  23:Src/gpio.c    ****   *      may be used to endorse or promote products derived from this software
  24:Src/gpio.c    ****   *      without specific prior written permission.
  25:Src/gpio.c    ****   *
  26:Src/gpio.c    ****   * THIS SOFTWARE IS PROVIDED BY THE COPYRIGHT HOLDERS AND CONTRIBUTORS "AS IS"
  27:Src/gpio.c    ****   * AND ANY EXPRESS OR IMPLIED WARRANTIES, INCLUDING, BUT NOT LIMITED TO, THE
  28:Src/gpio.c    ****   * IMPLIED WARRANTIES OF MERCHANTABILITY AND FITNESS FOR A PARTICULAR PURPOSE ARE
  29:Src/gpio.c    ****   * DISCLAIMED. IN NO EVENT SHALL THE COPYRIGHT HOLDER OR CONTRIBUTORS BE LIABLE
  30:Src/gpio.c    ****   * FOR ANY DIRECT, INDIRECT, INCIDENTAL, SPECIAL, EXEMPLARY, OR CONSEQUENTIAL
ARM GAS  /tmp/cc5H22xg.s 			page 2


  31:Src/gpio.c    ****   * DAMAGES (INCLUDING, BUT NOT LIMITED TO, PROCUREMENT OF SUBSTITUTE GOODS OR
  32:Src/gpio.c    ****   * SERVICES; LOSS OF USE, DATA, OR PROFITS; OR BUSINESS INTERRUPTION) HOWEVER
  33:Src/gpio.c    ****   * CAUSED AND ON ANY THEORY OF LIABILITY, WHETHER IN CONTRACT, STRICT LIABILITY,
  34:Src/gpio.c    ****   * OR TORT (INCLUDING NEGLIGENCE OR OTHERWISE) ARISING IN ANY WAY OUT OF THE USE
  35:Src/gpio.c    ****   * OF THIS SOFTWARE, EVEN IF ADVISED OF THE POSSIBILITY OF SUCH DAMAGE.
  36:Src/gpio.c    ****   *
  37:Src/gpio.c    ****   ******************************************************************************
  38:Src/gpio.c    ****   */
  39:Src/gpio.c    **** 
  40:Src/gpio.c    **** /* Includes ------------------------------------------------------------------*/
  41:Src/gpio.c    **** #include "gpio.h"
  42:Src/gpio.c    **** /* USER CODE BEGIN 0 */
  43:Src/gpio.c    **** 
  44:Src/gpio.c    **** /* USER CODE END 0 */
  45:Src/gpio.c    **** 
  46:Src/gpio.c    **** /*----------------------------------------------------------------------------*/
  47:Src/gpio.c    **** /* Configure GPIO                                                             */
  48:Src/gpio.c    **** /*----------------------------------------------------------------------------*/
  49:Src/gpio.c    **** /* USER CODE BEGIN 1 */
  50:Src/gpio.c    **** 
  51:Src/gpio.c    **** /* USER CODE END 1 */
  52:Src/gpio.c    **** 
  53:Src/gpio.c    **** /** Configure pins
  54:Src/gpio.c    **** */
  55:Src/gpio.c    **** void MX_GPIO_Init(void)
  56:Src/gpio.c    **** {
  29              		.loc 1 56 1 view -0
  30              		.cfi_startproc
  31              		@ args = 0, pretend = 0, frame = 40
  32              		@ frame_needed = 0, uses_anonymous_args = 0
  33 0000 30B5     		push	{r4, r5, lr}
  34              	.LCFI0:
  35              		.cfi_def_cfa_offset 12
  36              		.cfi_offset 4, -12
  37              		.cfi_offset 5, -8
  38              		.cfi_offset 14, -4
  39 0002 8BB0     		sub	sp, sp, #44
  40              	.LCFI1:
  41              		.cfi_def_cfa_offset 56
  57:Src/gpio.c    **** 
  58:Src/gpio.c    ****   GPIO_InitTypeDef GPIO_InitStruct = {0};
  42              		.loc 1 58 3 view .LVU1
  43              		.loc 1 58 20 is_stmt 0 view .LVU2
  44 0004 0024     		movs	r4, #0
  45 0006 0794     		str	r4, [sp, #28]
  46 0008 0894     		str	r4, [sp, #32]
  47 000a 0994     		str	r4, [sp, #36]
  59:Src/gpio.c    **** 
  60:Src/gpio.c    ****   /* GPIO Ports Clock Enable */
  61:Src/gpio.c    ****   __HAL_RCC_GPIOC_CLK_ENABLE();
  48              		.loc 1 61 3 is_stmt 1 view .LVU3
  49              	.LBB2:
  50              		.loc 1 61 3 view .LVU4
  51 000c 0094     		str	r4, [sp]
  52              		.loc 1 61 3 view .LVU5
  53 000e 2F4B     		ldr	r3, .L3
  54 0010 1A6B     		ldr	r2, [r3, #48]
ARM GAS  /tmp/cc5H22xg.s 			page 3


  55 0012 42F00402 		orr	r2, r2, #4
  56 0016 1A63     		str	r2, [r3, #48]
  57              		.loc 1 61 3 view .LVU6
  58 0018 1A6B     		ldr	r2, [r3, #48]
  59 001a 02F00402 		and	r2, r2, #4
  60 001e 0092     		str	r2, [sp]
  61              		.loc 1 61 3 view .LVU7
  62 0020 009A     		ldr	r2, [sp]
  63              	.LBE2:
  62:Src/gpio.c    ****   __HAL_RCC_GPIOH_CLK_ENABLE();
  64              		.loc 1 62 3 view .LVU8
  65              	.LBB3:
  66              		.loc 1 62 3 view .LVU9
  67 0022 0194     		str	r4, [sp, #4]
  68              		.loc 1 62 3 view .LVU10
  69 0024 1A6B     		ldr	r2, [r3, #48]
  70 0026 42F08002 		orr	r2, r2, #128
  71 002a 1A63     		str	r2, [r3, #48]
  72              		.loc 1 62 3 view .LVU11
  73 002c 1A6B     		ldr	r2, [r3, #48]
  74 002e 02F08002 		and	r2, r2, #128
  75 0032 0192     		str	r2, [sp, #4]
  76              		.loc 1 62 3 view .LVU12
  77 0034 019A     		ldr	r2, [sp, #4]
  78              	.LBE3:
  63:Src/gpio.c    ****   __HAL_RCC_GPIOA_CLK_ENABLE();
  79              		.loc 1 63 3 view .LVU13
  80              	.LBB4:
  81              		.loc 1 63 3 view .LVU14
  82 0036 0294     		str	r4, [sp, #8]
  83              		.loc 1 63 3 view .LVU15
  84 0038 1A6B     		ldr	r2, [r3, #48]
  85 003a 42F00102 		orr	r2, r2, #1
  86 003e 1A63     		str	r2, [r3, #48]
  87              		.loc 1 63 3 view .LVU16
  88 0040 1A6B     		ldr	r2, [r3, #48]
  89 0042 02F00102 		and	r2, r2, #1
  90 0046 0292     		str	r2, [sp, #8]
  91              		.loc 1 63 3 view .LVU17
  92 0048 029A     		ldr	r2, [sp, #8]
  93              	.LBE4:
  64:Src/gpio.c    ****   __HAL_RCC_GPIOB_CLK_ENABLE();
  94              		.loc 1 64 3 view .LVU18
  95              	.LBB5:
  96              		.loc 1 64 3 view .LVU19
  97 004a 0394     		str	r4, [sp, #12]
  98              		.loc 1 64 3 view .LVU20
  99 004c 1A6B     		ldr	r2, [r3, #48]
 100 004e 42F00202 		orr	r2, r2, #2
 101 0052 1A63     		str	r2, [r3, #48]
 102              		.loc 1 64 3 view .LVU21
 103 0054 1A6B     		ldr	r2, [r3, #48]
 104 0056 02F00202 		and	r2, r2, #2
 105 005a 0392     		str	r2, [sp, #12]
 106              		.loc 1 64 3 view .LVU22
 107 005c 039A     		ldr	r2, [sp, #12]
 108              	.LBE5:
ARM GAS  /tmp/cc5H22xg.s 			page 4


  65:Src/gpio.c    ****   __HAL_RCC_GPIOD_CLK_ENABLE();
 109              		.loc 1 65 3 view .LVU23
 110              	.LBB6:
 111              		.loc 1 65 3 view .LVU24
 112 005e 0494     		str	r4, [sp, #16]
 113              		.loc 1 65 3 view .LVU25
 114 0060 1A6B     		ldr	r2, [r3, #48]
 115 0062 42F00802 		orr	r2, r2, #8
 116 0066 1A63     		str	r2, [r3, #48]
 117              		.loc 1 65 3 view .LVU26
 118 0068 1B6B     		ldr	r3, [r3, #48]
 119 006a 03F00803 		and	r3, r3, #8
 120 006e 0493     		str	r3, [sp, #16]
 121              		.loc 1 65 3 view .LVU27
 122 0070 049B     		ldr	r3, [sp, #16]
 123              	.LBE6:
  66:Src/gpio.c    **** 
  67:Src/gpio.c    ****   /*Configure GPIO pins : PC13 PC14 PC15 PC0 
  68:Src/gpio.c    ****                            PC1 PC2 PC3 PC4 
  69:Src/gpio.c    ****                            PC5 PC9 PC10 PC11 
  70:Src/gpio.c    ****                            PC12 */
  71:Src/gpio.c    ****   GPIO_InitStruct.Pin = GPIO_PIN_13|GPIO_PIN_14|GPIO_PIN_15|GPIO_PIN_0 
 124              		.loc 1 71 3 view .LVU28
 125              		.loc 1 71 23 is_stmt 0 view .LVU29
 126 0072 4FF63F63 		movw	r3, #65087
 127 0076 0593     		str	r3, [sp, #20]
  72:Src/gpio.c    ****                           |GPIO_PIN_1|GPIO_PIN_2|GPIO_PIN_3|GPIO_PIN_4 
  73:Src/gpio.c    ****                           |GPIO_PIN_5|GPIO_PIN_9|GPIO_PIN_10|GPIO_PIN_11 
  74:Src/gpio.c    ****                           |GPIO_PIN_12;
  75:Src/gpio.c    ****   GPIO_InitStruct.Mode = GPIO_MODE_ANALOG;
 128              		.loc 1 75 3 is_stmt 1 view .LVU30
 129              		.loc 1 75 24 is_stmt 0 view .LVU31
 130 0078 0325     		movs	r5, #3
 131 007a 0695     		str	r5, [sp, #24]
  76:Src/gpio.c    ****   GPIO_InitStruct.Pull = GPIO_NOPULL;
 132              		.loc 1 76 3 is_stmt 1 view .LVU32
  77:Src/gpio.c    ****   HAL_GPIO_Init(GPIOC, &GPIO_InitStruct);
 133              		.loc 1 77 3 view .LVU33
 134 007c 05A9     		add	r1, sp, #20
 135 007e 1448     		ldr	r0, .L3+4
 136 0080 FFF7FEFF 		bl	HAL_GPIO_Init
 137              	.LVL0:
  78:Src/gpio.c    **** 
  79:Src/gpio.c    ****   /*Configure GPIO pins : PH0 PH1 */
  80:Src/gpio.c    ****   GPIO_InitStruct.Pin = GPIO_PIN_0|GPIO_PIN_1;
 138              		.loc 1 80 3 view .LVU34
 139              		.loc 1 80 23 is_stmt 0 view .LVU35
 140 0084 0595     		str	r5, [sp, #20]
  81:Src/gpio.c    ****   GPIO_InitStruct.Mode = GPIO_MODE_ANALOG;
 141              		.loc 1 81 3 is_stmt 1 view .LVU36
 142              		.loc 1 81 24 is_stmt 0 view .LVU37
 143 0086 0695     		str	r5, [sp, #24]
  82:Src/gpio.c    ****   GPIO_InitStruct.Pull = GPIO_NOPULL;
 144              		.loc 1 82 3 is_stmt 1 view .LVU38
 145              		.loc 1 82 24 is_stmt 0 view .LVU39
 146 0088 0794     		str	r4, [sp, #28]
  83:Src/gpio.c    ****   HAL_GPIO_Init(GPIOH, &GPIO_InitStruct);
ARM GAS  /tmp/cc5H22xg.s 			page 5


 147              		.loc 1 83 3 is_stmt 1 view .LVU40
 148 008a 05A9     		add	r1, sp, #20
 149 008c 1148     		ldr	r0, .L3+8
 150 008e FFF7FEFF 		bl	HAL_GPIO_Init
 151              	.LVL1:
  84:Src/gpio.c    **** 
  85:Src/gpio.c    ****   /*Configure GPIO pins : PA0 PA1 PA5 PA6 
  86:Src/gpio.c    ****                            PA7 PA8 PA9 PA10 
  87:Src/gpio.c    ****                            PA11 PA12 PA13 PA14 */
  88:Src/gpio.c    ****   GPIO_InitStruct.Pin = GPIO_PIN_0|GPIO_PIN_1|GPIO_PIN_5|GPIO_PIN_6 
 152              		.loc 1 88 3 view .LVU41
 153              		.loc 1 88 23 is_stmt 0 view .LVU42
 154 0092 47F6E373 		movw	r3, #32739
 155 0096 0593     		str	r3, [sp, #20]
  89:Src/gpio.c    ****                           |GPIO_PIN_7|GPIO_PIN_8|GPIO_PIN_9|GPIO_PIN_10 
  90:Src/gpio.c    ****                           |GPIO_PIN_11|GPIO_PIN_12|GPIO_PIN_13|GPIO_PIN_14;
  91:Src/gpio.c    ****   GPIO_InitStruct.Mode = GPIO_MODE_ANALOG;
 156              		.loc 1 91 3 is_stmt 1 view .LVU43
 157              		.loc 1 91 24 is_stmt 0 view .LVU44
 158 0098 0695     		str	r5, [sp, #24]
  92:Src/gpio.c    ****   GPIO_InitStruct.Pull = GPIO_NOPULL;
 159              		.loc 1 92 3 is_stmt 1 view .LVU45
 160              		.loc 1 92 24 is_stmt 0 view .LVU46
 161 009a 0794     		str	r4, [sp, #28]
  93:Src/gpio.c    ****   HAL_GPIO_Init(GPIOA, &GPIO_InitStruct);
 162              		.loc 1 93 3 is_stmt 1 view .LVU47
 163 009c 05A9     		add	r1, sp, #20
 164 009e 0E48     		ldr	r0, .L3+12
 165 00a0 FFF7FEFF 		bl	HAL_GPIO_Init
 166              	.LVL2:
  94:Src/gpio.c    **** 
  95:Src/gpio.c    ****   /*Configure GPIO pins : PB0 PB1 PB2 PB10 
  96:Src/gpio.c    ****                            PB12 PB13 PB14 PB15 
  97:Src/gpio.c    ****                            PB4 PB5 PB6 PB7 
  98:Src/gpio.c    ****                            PB8 PB9 */
  99:Src/gpio.c    ****   GPIO_InitStruct.Pin = GPIO_PIN_0|GPIO_PIN_1|GPIO_PIN_2|GPIO_PIN_10 
 167              		.loc 1 99 3 view .LVU48
 168              		.loc 1 99 23 is_stmt 0 view .LVU49
 169 00a4 4FF2F773 		movw	r3, #63479
 170 00a8 0593     		str	r3, [sp, #20]
 100:Src/gpio.c    ****                           |GPIO_PIN_12|GPIO_PIN_13|GPIO_PIN_14|GPIO_PIN_15 
 101:Src/gpio.c    ****                           |GPIO_PIN_4|GPIO_PIN_5|GPIO_PIN_6|GPIO_PIN_7 
 102:Src/gpio.c    ****                           |GPIO_PIN_8|GPIO_PIN_9;
 103:Src/gpio.c    ****   GPIO_InitStruct.Mode = GPIO_MODE_ANALOG;
 171              		.loc 1 103 3 is_stmt 1 view .LVU50
 172              		.loc 1 103 24 is_stmt 0 view .LVU51
 173 00aa 0695     		str	r5, [sp, #24]
 104:Src/gpio.c    ****   GPIO_InitStruct.Pull = GPIO_NOPULL;
 174              		.loc 1 104 3 is_stmt 1 view .LVU52
 175              		.loc 1 104 24 is_stmt 0 view .LVU53
 176 00ac 0794     		str	r4, [sp, #28]
 105:Src/gpio.c    ****   HAL_GPIO_Init(GPIOB, &GPIO_InitStruct);
 177              		.loc 1 105 3 is_stmt 1 view .LVU54
 178 00ae 05A9     		add	r1, sp, #20
 179 00b0 0A48     		ldr	r0, .L3+16
 180 00b2 FFF7FEFF 		bl	HAL_GPIO_Init
 181              	.LVL3:
ARM GAS  /tmp/cc5H22xg.s 			page 6


 106:Src/gpio.c    **** 
 107:Src/gpio.c    ****   /*Configure GPIO pin : PD2 */
 108:Src/gpio.c    ****   GPIO_InitStruct.Pin = GPIO_PIN_2;
 182              		.loc 1 108 3 view .LVU55
 183              		.loc 1 108 23 is_stmt 0 view .LVU56
 184 00b6 0423     		movs	r3, #4
 185 00b8 0593     		str	r3, [sp, #20]
 109:Src/gpio.c    ****   GPIO_InitStruct.Mode = GPIO_MODE_ANALOG;
 186              		.loc 1 109 3 is_stmt 1 view .LVU57
 187              		.loc 1 109 24 is_stmt 0 view .LVU58
 188 00ba 0695     		str	r5, [sp, #24]
 110:Src/gpio.c    ****   GPIO_InitStruct.Pull = GPIO_NOPULL;
 189              		.loc 1 110 3 is_stmt 1 view .LVU59
 190              		.loc 1 110 24 is_stmt 0 view .LVU60
 191 00bc 0794     		str	r4, [sp, #28]
 111:Src/gpio.c    ****   HAL_GPIO_Init(GPIOD, &GPIO_InitStruct);
 192              		.loc 1 111 3 is_stmt 1 view .LVU61
 193 00be 05A9     		add	r1, sp, #20
 194 00c0 0748     		ldr	r0, .L3+20
 195 00c2 FFF7FEFF 		bl	HAL_GPIO_Init
 196              	.LVL4:
 112:Src/gpio.c    **** 
 113:Src/gpio.c    **** }
 197              		.loc 1 113 1 is_stmt 0 view .LVU62
 198 00c6 0BB0     		add	sp, sp, #44
 199              	.LCFI2:
 200              		.cfi_def_cfa_offset 12
 201              		@ sp needed
 202 00c8 30BD     		pop	{r4, r5, pc}
 203              	.L4:
 204 00ca 00BF     		.align	2
 205              	.L3:
 206 00cc 00380240 		.word	1073887232
 207 00d0 00080240 		.word	1073874944
 208 00d4 001C0240 		.word	1073880064
 209 00d8 00000240 		.word	1073872896
 210 00dc 00040240 		.word	1073873920
 211 00e0 000C0240 		.word	1073875968
 212              		.cfi_endproc
 213              	.LFE126:
 215              		.text
 216              	.Letext0:
 217              		.file 2 "/usr/arm-none-eabi/include/machine/_default_types.h"
 218              		.file 3 "/usr/arm-none-eabi/include/sys/_stdint.h"
 219              		.file 4 "Drivers/CMSIS/Include/core_cm4.h"
 220              		.file 5 "Drivers/CMSIS/Device/ST/STM32F4xx/Include/system_stm32f4xx.h"
 221              		.file 6 "Drivers/CMSIS/Device/ST/STM32F4xx/Include/stm32f401xe.h"
 222              		.file 7 "/usr/arm-none-eabi/include/sys/lock.h"
 223              		.file 8 "/usr/arm-none-eabi/include/sys/_types.h"
 224              		.file 9 "/usr/lib/gcc/arm-none-eabi/8.3.0/include/stddef.h"
 225              		.file 10 "/usr/arm-none-eabi/include/sys/reent.h"
 226              		.file 11 "Drivers/STM32F4xx_HAL_Driver/Inc/stm32f4xx_hal_gpio.h"
ARM GAS  /tmp/cc5H22xg.s 			page 7


DEFINED SYMBOLS
                            *ABS*:0000000000000000 gpio.c
     /tmp/cc5H22xg.s:18     .text.MX_GPIO_Init:0000000000000000 $t
     /tmp/cc5H22xg.s:26     .text.MX_GPIO_Init:0000000000000000 MX_GPIO_Init
     /tmp/cc5H22xg.s:206    .text.MX_GPIO_Init:00000000000000cc $d

UNDEFINED SYMBOLS
HAL_GPIO_Init
